<?xml version="1.0" encoding="utf-8"?><testsuites name="pytest tests"><testsuite name="pytest" errors="0" failures="0" skipped="0" tests="179" time="40.999" timestamp="2026-09-22T09:29:37.071946+09:00" hostname="GS-65537-DUDHKC"><testcase classname="tests.test_acceptance_boundaries" name="test_folder_approval_has_no_conversion_or_storage_side_effects_until_confirmation" time="0.101" /><testcase classname="tests.test_acceptance_boundaries" name="test_management_latest_state_reacts_to_pending_modified_failed_and_lost_access" time="0.160" /><testcase classname="tests.test_acceptance_boundaries" name="test_unrelated_history_does_not_create_false_notice_connection" time="0.057" /><testcase classname="tests.test_analysis" name="test_approved_amendment_changes_only_its_clause_and_draft_does_not_replace" time="0.001" /><testcase classname="tests.test_analysis" name="test_unknown_design_never_becomes_permit_or_observation" time="0.001" /><testcase classname="tests.test_analysis" name="test_fresh_numeric_input_changes_rows_fingerprint_and_actual_graph" time="0.001" /><testcase classname="tests.test_analysis" name="test_invented_source_and_modified_quote_are_rejected" time="0.001" /><testcase classname="tests.test_analysis" name="test_actual_approved_addendum_replaces_only_explicit_changes_and_review_draft_is_excluded" time="0.208" /><testcase classname="tests.test_analysis" name="test_actual_past_issue_and_response_are_linked_with_distinct_value_classes" time="0.126" /><testcase classname="tests.test_analysis" name="test_severity_candidate_requires_three_independent_comparable_same_scale_cases_and_unique_mode" time="0.003" /><testcase classname="tests.test_analysis" name="test_severity_candidate_rejects_mixed_scales" time="0.001" /><testcase classname="tests.test_analysis" name="test_source_ref_document_metadata_cannot_be_forged" time="0.001" /><testcase classname="tests.test_analysis" name="test_amendment_never_replaces_same_clause_in_another_project_or_family" time="0.001" /><testcase classname="tests.test_analysis" name="test_unclear_contract_family_preserves_both_versions_and_requires_review" time="0.001" /><testcase classname="tests.test_analysis" name="test_identical_risk_workbook_sha_is_one_case_even_with_three_project_aliases" time="0.002" /><testcase classname="tests.test_analysis" name="test_xlsx_row_context_keeps_label_value_and_both_cell_sources" time="0.018" /><testcase classname="tests.test_analysis" name="test_explicit_amendment_target_does_not_replace_second_contract_in_same_project" time="0.001" /><testcase classname="tests.test_analysis" name="test_amendment_without_target_preserves_all_when_project_has_multiple_contracts" time="0.001" /><testcase classname="tests.test_analysis" name="test_contract_conditions_precede_risk_review_rows_independent_of_input_order" time="0.002" /><testcase classname="tests.test_analysis" name="test_risk_review_row_alone_never_becomes_effective_contract_condition" time="0.001" /><testcase classname="tests.test_analysis" name="test_actual_primary_contract_values_drive_xlsx_and_pptx_visible_output" time="1.142" /><testcase classname="tests.test_analysis" name="test_unrated_or_text_risk_rows_are_reference_context_not_contract_terms[None-None]" time="0.004" /><testcase classname="tests.test_analysis" name="test_unrated_or_text_risk_rows_are_reference_context_not_contract_terms[Low-High]" time="0.001" /><testcase classname="tests.test_analysis" name="test_mixed_allowance_and_design_do_not_relabel_permitted_value[Discharge permit: 553 m3/day; design capacity remains unknown.-current_mixed_requires_review]" time="0.001" /><testcase classname="tests.test_analysis" name="test_mixed_allowance_and_design_do_not_relabel_permitted_value[Discharge permit: 553 m3/day.-current_allowance]" time="0.004" /><testcase classname="tests.test_analysis" name="test_mixed_allowance_and_design_do_not_relabel_permitted_value[Groundwater design capacity remains unknown.-current_design_or_unknown]" time="0.001" /><testcase classname="tests.test_api" name="test_new_upload_evidence_approval_actual_xlsx_and_edit_invalidates" time="0.268" /><testcase classname="tests.test_api" name="test_duplicate_and_changed_bytes_update_results_and_invalidate" time="0.125" /><testcase classname="tests.test_api" name="test_evaluator_scope_and_user_access_boundaries" time="0.388" /><testcase classname="tests.test_api" name="test_bad_reference_and_tampered_original_block_approval" time="0.114" /><testcase classname="tests.test_api" name="test_direct_rest_status_forgery_and_evidence_replacement_are_blocked" time="0.090" /><testcase classname="tests.test_api" name="test_retries_create_versions_and_repeated_exports_work_with_insert_only_storage" time="0.312" /><testcase classname="tests.test_api" name="test_validation_never_echoes_password_or_refresh_token" time="0.033" /><testcase classname="tests.test_api" name="test_signed_approval_cannot_be_changed_or_reused" time="0.149" /><testcase classname="tests.test_api" name="test_korean_evidence_is_bounded_in_utf8_and_ai_claims_remain_reviewable" time="0.190" /><testcase classname="tests.test_api" name="test_provider_success_is_invalidated_by_key_change_and_oauth_logout" time="0.050" /><testcase classname="tests.test_api" name="test_missing_integrity_key_never_allows_an_approval" time="0.000" /><testcase classname="tests.test_api" name="test_old_valid_approval_cannot_be_replayed_after_edit" time="0.162" /><testcase classname="tests.test_api" name="test_retry_restores_only_signed_intake_metadata" time="0.041" /><testcase classname="tests.test_demo" name="test_real_catalog_maps_all_past_and_new_without_evaluator" time="1.074" /><testcase classname="tests.test_demo" name="test_credentials_only_reach_loopback_product[https://example.com]" time="0.001" /><testcase classname="tests.test_demo" name="test_credentials_only_reach_loopback_product[http://localhost.evil.test]" time="0.001" /><testcase classname="tests.test_demo" name="test_credentials_only_reach_loopback_product[http://u:p@127.0.0.1:8780]" time="0.001" /><testcase classname="tests.test_demo" name="test_credentials_only_reach_loopback_product[http://127.0.0.1:8780/redirect]" time="0.001" /><testcase classname="tests.test_demo" name="test_credentials_only_reach_loopback_product[http://127.0.0.1:8780/?target=evil]" time="0.001" /><testcase classname="tests.test_demo" name="test_selector_rejects_new_files_in_past_seeding" time="0.401" /><testcase classname="tests.test_demo" name="test_unapproved_seed_has_no_side_effects" time="0.405" /><testcase classname="tests.test_demo" name="test_seed_uses_import_approval_and_keeps_new_projects_absent_then_real_bytes_upload" time="1.515" /><testcase classname="tests.test_demo" name="test_catalog_refuses_symlink_or_non_input_roots" time="0.005" /><testcase classname="tests.test_demo" name="test_incomplete_past_ingest_never_passes[missing]" time="1.140" /><testcase classname="tests.test_demo" name="test_incomplete_past_ingest_never_passes[failed]" time="0.981" /><testcase classname="tests.test_demo" name="test_windows_start_pins_local_and_restores_inherited_environment" time="0.544" /><testcase classname="tests.test_demo_browser" name="test_owned_node_and_browser_helper_descendant_are_reaped" time="0.804" /><testcase classname="tests.test_demo_interrupt" name="test_interrupted_verifier_records_failed_cleanup_and_owned_ids[ops.demo_negative_verify]" time="0.130" /><testcase classname="tests.test_demo_interrupt" name="test_interrupted_verifier_records_failed_cleanup_and_owned_ids[ops.demo_provider_verify]" time="0.013" /><testcase classname="tests.test_demo_live" name="test_actual_dataset_to_three_outputs_and_resume_checkpoint" time="5.686" /><testcase classname="tests.test_demo_live" name="test_reopen_rejects_corrupt_office" time="0.000" /><testcase classname="tests.test_demo_live" name="test_cleanup_never_deletes_accounts_if_inventory_failed" time="0.000" /><testcase classname="tests.test_demo_live" name="test_full_supplied_p01_p06_n01_n02_dataset" time="16.761" /><testcase classname="tests.test_demo_live" name="test_cleanup_lists_real_storage_paths_including_orphans_before_deleting_user" time="0.002" /><testcase classname="tests.test_demo_live" name="test_cleanup_failure_preserves_recovery_user_and_rows[traversal]" time="0.001" /><testcase classname="tests.test_demo_live" name="test_cleanup_failure_preserves_recovery_user_and_rows[second_page]" time="0.001" /><testcase classname="tests.test_demo_live" name="test_cleanup_failure_preserves_recovery_user_and_rows[objects_remain]" time="0.001" /><testcase classname="tests.test_demo_live" name="test_cleanup_failure_preserves_recovery_user_and_rows[owner_mismatch]" time="0.001" /><testcase classname="tests.test_demo_live" name="test_missing_stored_output_fails_before_export_could_regenerate" time="0.000" /><testcase classname="tests.test_demo_live" name="test_real_server_identity_is_not_shadowed_by_frontend" time="0.040" /><testcase classname="tests.test_demo_negative" name="test_negative_verifier_exercises_changed_input_and_failures" time="0.153" /><testcase classname="tests.test_demo_negative" name="test_negative_verifier_rejects_cross_user_leak" time="0.150" /><testcase classname="tests.test_demo_provider" name="test_provider_proof_rejects_wrong_auth_and_fabricated_usage" time="0.000" /><testcase classname="tests.test_exports" name="test_itb_export_preserves_template_and_adds_key_facts_with_sources" time="0.037" /><testcase classname="tests.test_exports" name="test_itb_empty_evidence_is_review_required" time="0.034" /><testcase classname="tests.test_exports" name="test_risk_export_leaves_unknown_rating_fields_blank_and_reopens" time="0.034" /><testcase classname="tests.test_exports" name="test_review_deck_uses_five_slide_template_and_embeds_sources_and_unknowns" time="0.026" /><testcase classname="tests.test_exports" name="test_server_comparison_rows_map_to_itb_columns_without_serializing_lists" time="0.035" /><testcase classname="tests.test_exports" name="test_server_comparison_rows_populate_all_review_deck_sections" time="0.024" /><testcase classname="tests.test_exports" name="test_user_edited_review_fields_survive_all_output_formats" time="0.094" /><testcase classname="tests.test_exports" name="test_itb_long_content_uses_readable_summary_and_lossless_detail_sheet" time="0.040" /><testcase classname="tests.test_exports" name="test_itb_detail_and_source_quotes_preserve_values_beyond_excel_cell_limit" time="0.059" /><testcase classname="tests.test_exports" name="test_itb_detail_maps_every_item_to_all_of_its_source_rows" time="0.035" /><testcase classname="tests.test_exports" name="test_risk_long_content_has_lossless_detail_links_and_preserves_ratings" time="0.035" /><testcase classname="tests.test_exports" name="test_risk_summary_starts_with_actual_condition_before_generic_rationale" time="0.026" /><testcase classname="tests.test_extraction" name="test_real_docx_extracts_content_tables_and_human_locators" time="0.012" /><testcase classname="tests.test_extraction" name="test_text_parser_uses_uploaded_bytes_and_detects_content_metadata" time="0.000" /><testcase classname="tests.test_extraction" name="test_plain_formats_preserve_locators[note.md-# Heading\nEvidence line\n-text_line]" time="0.001" /><testcase classname="tests.test_extraction" name="test_plain_formats_preserve_locators[note.txt-\xed\x95\x9c\xea\xb8\x80 \xea\xb7\xbc\xea\xb1\xb0 14 days\n-text_line]" time="0.001" /><testcase classname="tests.test_extraction" name="test_plain_formats_preserve_locators[table.csv-item,value,unit\nflow,450,m3/day\n-csv_cell]" time="0.000" /><testcase classname="tests.test_extraction" name="test_plain_formats_preserve_locators[message.eml-From: owner@example.com\r\nSubject: Review\r\nContent-Type: text/plain; charset=utf-8\r\n\r\nReview body-eml_body_line]" time="0.003" /><testcase classname="tests.test_extraction" name="test_xlsx_preserves_formula_cached_value_and_cell_locator" time="0.010" /><testcase classname="tests.test_extraction" name="test_real_pptx_and_pdf_keep_slide_shape_and_page_locators" time="0.021" /><testcase classname="tests.test_extraction" name="test_scanned_and_corrupt_pdf_are_isolated_with_explicit_status" time="0.002" /><testcase classname="tests.test_extraction" name="test_unsupported_format_isolated_without_guessing_metadata" time="0.000" /><testcase classname="tests.test_extraction" name="test_office_archive_entry_limit_is_checked_before_parser" time="0.001" /><testcase classname="tests.test_extraction" name="test_office_archive_uncompressed_size_limit_blocks_compressed_bomb" time="0.001" /><testcase classname="tests.test_live_verifier" name="test_live_preflight_uses_privileged_metadata_then_enters_user_rls_checks" time="0.001" /><testcase classname="tests.test_live_verifier" name="test_missing_schema_preflight_never_creates_users" time="0.001" /><testcase classname="tests.test_profiles" name="test_profile_edit_preserves_identity_and_uses_optimistic_version" time="0.096" /><testcase classname="tests.test_profiles" name="test_project_profile_selection_blocks_unconnected_ai_without_fallback" time="0.054" /><testcase classname="tests.test_profiles" name="test_profile_selection_and_updates_enforce_owner_type_and_safe_endpoint" time="0.047" /><testcase classname="tests.test_profiles" name="test_provider_change_before_model_call_discards_analysis_without_call" time="0.057" /><testcase classname="tests.test_profiles" name="test_provider_change_during_model_call_discards_result_without_draft" time="0.055" /><testcase classname="tests.test_review_regressions" name="test_authentication_client_closed_when_session_rejected" time="0.022" /><testcase classname="tests.test_review_regressions" name="test_risk_without_calculation_metadata_explicitly_requests_recalculation" time="0.045" /><testcase classname="tests.test_review_regressions" name="test_five_slide_draft_edits_render_on_corresponding_slide_and_invalidate" time="0.191" /><testcase classname="tests.test_review_regressions" name="test_excel_source_and_review_strings_remain_literal_not_executable_formula" time="0.065" /><testcase classname="tests.test_review_regressions" name="test_draft_list_uses_same_public_output_kind_as_detail" time="0.055" /><testcase classname="tests.test_review_regressions" name="test_concurrent_upload_during_analysis_cannot_approve_stale_rows" time="0.050" /><testcase classname="tests.test_review_regressions" name="test_oversized_slide_edit_is_rejected_before_changing_approved_revision" time="0.075" /><testcase classname="tests.test_security" name="test_evidence_seal_binds_owner_content_locator_and_document_identity" time="0.001" /><testcase classname="tests.test_security" name="test_approval_seal_requires_exact_snapshot_kind_version_and_owner" time="0.000" /><testcase classname="tests.test_session_export" name="test_default_selects_latest_rotated_segment_and_keeps_native_metadata" time="0.031" /><testcase classname="tests.test_session_export" name="test_all_segments_preserves_separate_records_sources_and_previous_index" time="0.041" /><testcase classname="tests.test_session_export" name="test_partial_tail_is_deferred_without_rewriting_source" time="0.013" /><testcase classname="tests.test_session_export" name="test_redacts_supabase_openai_and_environment_credentials_in_copies_only" time="0.015" /><testcase classname="tests.test_session_export" name="test_goal_reference_evidence_requires_user_message_role[event0]" time="0.012" /><testcase classname="tests.test_session_export" name="test_goal_reference_evidence_requires_user_message_role[event1]" time="0.012" /><testcase classname="tests.test_session_export" name="test_assistant_quotes_and_tool_outputs_are_not_user_goal_evidence" time="0.012" /><testcase classname="tests.test_session_export" name="test_rejects_metadata_or_workspace_mismatch_before_writing[metadata]" time="0.007" /><testcase classname="tests.test_session_export" name="test_rejects_metadata_or_workspace_mismatch_before_writing[workspace]" time="0.010" /><testcase classname="tests.test_session_export" name="test_discovery_ignores_near_matches_and_rejects_path_traversal" time="0.013" /><testcase classname="tests.test_slide_layout" name="test_wrapped_layout_budget_rejects_long_korean_title_and_body" time="0.001" /><testcase classname="tests.test_slide_layout" name="test_nested_severity_samples_are_flattened_with_roles_and_statistics" time="0.001" /><testcase classname="tests.test_slide_layout" name="test_real_p01_n01_deck_keeps_full_detail_and_refs_in_editable_notes" time="0.792" /><testcase classname="tests.test_slide_layout" name="test_slide_geometry_fonts_compact_links_and_metadata_are_readable" time="0.037" /><testcase classname="tests.test_slide_layout" name="test_slide_export_rejects_oversize_reviewed_text_without_truncation" time="0.006" /><testcase classname="tests.test_slide_layout" name="test_workbook_copy_has_product_identity_and_provenance" time="0.031" /><testcase classname="tests.test_slide_layout" name="test_preserves_uploaded_workbook_title_and_rejects_wrong_slide_canvas" time="0.076" /><testcase classname="tests.test_slide_layout" name="test_long_provenance_is_lossless_in_notes_and_bounded_in_core_metadata" time="0.024" /><testcase classname="tests.test_storage" name="test_list_returns_application_entities_and_scopes_project" time="0.002" /><testcase classname="tests.test_storage" name="test_list_collects_server_capped_pages_using_actual_response_ranges" time="0.002" /><testcase classname="tests.test_storage" name="test_list_rejects_nonadvancing_response_range" time="0.001" /><testcase classname="tests.test_storage" name="test_approve_posts_one_atomic_rpc_request" time="0.001" /><testcase classname="tests.test_storage" name="test_approve_maps_postgres_serialization_failure_to_conflict" time="0.001" /><testcase classname="tests.test_storage" name="test_save_inserts_then_updates_with_expected_version" time="0.002" /><testcase classname="tests.test_storage" name="test_save_rejects_stale_version_without_overwriting" time="0.001" /><testcase classname="tests.test_storage" name="test_save_rejects_invalid_expected_version_before_network[True]" time="0.001" /><testcase classname="tests.test_storage" name="test_save_rejects_invalid_expected_version_before_network[0]" time="0.001" /><testcase classname="tests.test_storage" name="test_save_rejects_invalid_expected_version_before_network[-1]" time="0.000" /><testcase classname="tests.test_storage" name="test_save_rejects_invalid_expected_version_before_network[1.5]" time="0.000" /><testcase classname="tests.test_storage" name="test_save_rejects_invalid_expected_version_before_network[1]" time="0.000" /><testcase classname="tests.test_storage" name="test_get_missing_and_permission_errors_are_typed_and_sanitized" time="0.001" /><testcase classname="tests.test_storage" name="test_storage_uses_verified_user_prefix_and_downloads_bytes" time="0.001" /><testcase classname="tests.test_storage" name="test_storage_rejects_unsafe_paths_before_network[]" time="0.000" /><testcase classname="tests.test_storage" name="test_storage_rejects_unsafe_paths_before_network[/absolute]" time="0.000" /><testcase classname="tests.test_storage" name="test_storage_rejects_unsafe_paths_before_network[../secret]" time="0.001" /><testcase classname="tests.test_storage" name="test_storage_rejects_unsafe_paths_before_network[project/../../secret]" time="0.000" /><testcase classname="tests.test_storage" name="test_auth_login_get_user_and_logout_use_publishable_client" time="0.001" /><testcase classname="tests.test_storage" name="test_auth_refresh_returns_new_session_without_exposing_tokens" time="0.001" /><testcase classname="tests.test_storage" name="test_auth_and_store_close_their_http_clients" time="0.000" /><testcase classname="tests.test_storage" name="test_auth_failure_does_not_expose_provider_body_or_credentials" time="0.001" /><testcase classname="tests.test_storage" name="test_auth_rejects_malformed_session_without_raw_value" time="0.000" /><testcase classname="tests.test_storage" name="test_invalid_entity_kind_is_rejected_before_network" time="0.000" /><testcase classname="tests.test_storage" name="test_download_missing_object_raises_not_found" time="0.001" /><testcase classname="tests.test_storage" name="test_live_probe_reports_only_sanitized_capabilities" time="0.001" /><testcase classname="tests.test_storage" name="test_live_verify_stops_before_creating_users_when_schema_is_missing" time="0.001" /><testcase classname="tests.test_storage" name="test_download_supabase_400_no_such_key_is_missing_object" time="0.001" /><testcase classname="tests.test_storage" name="test_only_storage_get_no_such_key_maps_to_missing[400-NoSuchBucket-GET-/storage/v1/object/rebuild-agent/missing-StorageError]" time="0.001" /><testcase classname="tests.test_storage" name="test_only_storage_get_no_such_key_maps_to_missing[400-AccessDenied-GET-/storage/v1/object/rebuild-agent/missing-StorageError]" time="0.001" /><testcase classname="tests.test_storage" name="test_only_storage_get_no_such_key_maps_to_missing[400-NoSuchKey-PATCH-/rest/v1/rb_entities-StorageError]" time="0.001" /><testcase classname="tests.test_storage" name="test_only_storage_get_no_such_key_maps_to_missing[400-NoSuchKey-POST-/storage/v1/object/rebuild-agent/missing-StorageError]" time="0.001" /><testcase classname="tests.test_storage" name="test_only_storage_get_no_such_key_maps_to_missing[403-NoSuchKey-GET-/storage/v1/object/rebuild-agent/missing-PermissionDeniedError]" time="0.001" /><testcase classname="tests.test_storage" name="test_document_storage_uses_bounded_io_budget_and_keeps_explicit_timeout" time="0.001" /><testcase classname="tests.test_storage" name="test_storage_timeout_is_sanitized_without_replaying_mutation[ReadTimeout]" time="0.001" /><testcase classname="tests.test_storage" name="test_storage_timeout_is_sanitized_without_replaying_mutation[WriteTimeout]" time="0.000" /><testcase classname="tests.test_templates" name="test_template_version_is_reusable_preserved_and_requires_reapproval" time="0.494" /><testcase classname="tests.test_templates" name="test_invalid_template_does_not_replace_existing_versions" time="0.067" /><testcase classname="tests.test_templates" name="test_template_upload_retry_recovers_after_storage_succeeded_database_failed" time="0.078" /><testcase classname="tests.test_templates" name="test_forged_template_version_metadata_is_rejected" time="0.062" /><testcase classname="tests.test_templates" name="test_slide_template_rejects_changed_canvas_without_persisting" time="0.051" /><testcase classname="tests.test_templates" name="test_slide_template_same_canvas_custom_metadata_remains_accepted" time="0.069" /><testcase classname="tests.ui.test_frontend_contract" name="test_product_name_and_six_navigation_labels_are_exact" time="0.000" /><testcase classname="tests.ui.test_frontend_contract" name="test_api_contracts_are_wired_without_static_preview_inventory" time="0.002" /><testcase classname="tests.ui.test_frontend_contract" name="test_auth_and_original_download_do_not_put_tokens_in_urls" time="0.000" /><testcase classname="tests.ui.test_frontend_contract" name="test_truthful_states_and_approval_boundary_are_visible" time="0.001" /><testcase classname="tests.ui.test_frontend_contract" name="test_export_source_deep_link_opens_authenticated_evidence" time="0.000" /><testcase classname="tests.ui.test_frontend_contract" name="test_knowledge_comparison_supports_actual_flat_api_shape" time="0.000" /><testcase classname="tests.ui.test_frontend_contract" name="test_persisted_drafts_revision_safety_and_project_kinds_are_wired" time="0.000" /><testcase classname="tests.ui.test_frontend_contract" name="test_graph_retry_and_immutable_template_versions_use_actual_ids" time="0.000" /><testcase classname="tests.ui.test_frontend_contract" name="test_accessibility_and_mobile_contracts_exist" time="0.000" /><testcase classname="tests.ui.test_frontend_contract" name="test_local_font_and_no_external_font_or_script_dependency" time="0.000" /></testsuite></testsuites>